
========Testing 01=========

data: variables, objects, result_size, true result size, threshold
32, 100, 100, 6, 6.325539
times: input, copy, random_trial_kernel, random_trial_copy, random_trial_process, main_kernel, main_copy, main_process, all
5432.3, 0.1, 0.2, 0.0, 0.0, 1.2, 0.0, 0.2, 5434.1
100.0, 0.0, 0.0, 0.0, 0.0, 0.0, 0.0, 0.0

========Testing 02=========

data: variables, objects, result_size, true result size, threshold
1024, 100, 1000, 844, 11.323853
times: input, copy, random_trial_kernel, random_trial_copy, random_trial_process, main_kernel, main_copy, main_process, all
5363.0, 0.1, 0.2, 0.0, 1.5, 4.0, 0.0, 1.6, 5370.4
99.9, 0.0, 0.0, 0.0, 0.0, 0.1, 0.0, 0.0

========Testing 02a=========

data: variables, objects, result_size, true result size, threshold
1024, 150, 1000, 926, 11.976700
times: input, copy, random_trial_kernel, random_trial_copy, random_trial_process, main_kernel, main_copy, main_process, all
5372.8, 0.1, 0.3, 0.0, 1.5, 6.2, 0.0, 1.6, 5382.5
99.8, 0.0, 0.0, 0.0, 0.0, 0.1, 0.0, 0.0

========Testing 02b=========

data: variables, objects, result_size, true result size, threshold
1024, 200, 1000, 1066, 10.062317
times: input, copy, random_trial_kernel, random_trial_copy, random_trial_process, main_kernel, main_copy, main_process, all
5461.8, 0.1, 0.3, 0.0, 1.5, 8.6, 0.0, 1.8, 5474.1
99.8, 0.0, 0.0, 0.0, 0.0, 0.2, 0.0, 0.0

========Testing 03=========

data: variables, objects, result_size, true result size, threshold
4096, 100, 10000, 11780, 11.686661
times: input, copy, random_trial_kernel, random_trial_copy, random_trial_process, main_kernel, main_copy, main_process, all
5463.1, 0.1, 2.2, 0.1, 28.3, 73.4, 0.1, 19.0, 5586.2
97.8, 0.0, 0.0, 0.0, 0.5, 1.3, 0.0, 0.3
