
========Testing 01=========

data: variables, objects, result_size, true result size, threshold
32, 100, 100, 0, 2.333374
times: input, copy, random_trial_kernel, random_trial_copy, random_trial_process, main_kernel, main_copy, main_process, all
5339.7, 0.6, 0.4, 0.3, 0.0, 2.1, 0.6, 0.0, 5343.7
99.9, 0.0, 0.0, 0.0, 0.0, 0.0, 0.0, 0.0

========Testing 02=========

data: variables, objects, result_size, true result size, threshold
1024, 100, 1000, 719, 11.543983
times: input, copy, random_trial_kernel, random_trial_copy, random_trial_process, main_kernel, main_copy, main_process, all
5449.7, 0.6, 0.5, 0.3, 1.5, 6.3, 0.6, 1.3, 5460.8
99.8, 0.0, 0.0, 0.0, 0.0, 0.1, 0.0, 0.0

========Testing 03=========

data: variables, objects, result_size, true result size, threshold
4096, 100, 10000, 11015, 11.661362
times: input, copy, random_trial_kernel, random_trial_copy, random_trial_process, main_kernel, main_copy, main_process, all
5487.3, 0.7, 2.6, 0.4, 28.1, 82.2, 0.6, 17.6, 5619.6
97.6, 0.0, 0.0, 0.0, 0.5, 1.5, 0.0, 0.3

========Testing 04=========

data: variables, objects, result_size, true result size, threshold
16384, 100, 10000, 10122, 15.460373
times: input, copy, random_trial_kernel, random_trial_copy, random_trial_process, main_kernel, main_copy, main_process, all
5705.6, 0.7, 24.4, 1.7, 552.1, 1120.9, 0.7, 16.8, 7422.8
76.9, 0.0, 0.3, 0.0, 7.4, 15.1, 0.0, 0.2

========Testing 04a=========

data: variables, objects, result_size, true result size, threshold
16384, 500, 10000, 11090, 17.693878
times: input, copy, random_trial_kernel, random_trial_copy, random_trial_process, main_kernel, main_copy, main_process, all
6736.5, 0.9, 67.6, 1.4, 541.7, 5450.9, 0.6, 18.6, 12818.2
52.6, 0.0, 0.5, 0.0, 4.2, 42.5, 0.0, 0.1

========Testing 05=========

data: variables, objects, result_size, true result size, threshold
100000, 100, 10000, 10464, 20.135208
times: input, copy, random_trial_kernel, random_trial_copy, random_trial_process, main_kernel, main_copy, main_process, all
7056.1, 1.0, 485.9, 41.9, 15690.9, 42815.3, 0.7, 17.1, 66108.8
10.7, 0.0, 0.7, 0.1, 23.7, 64.8, 0.0, 0.0

========Testing 04b=========

data: variables, objects, result_size, true result size, threshold
16384, 5000, 10000, 9065, 18.483398
times: input, copy, random_trial_kernel, random_trial_copy, random_trial_process, main_kernel, main_copy, main_process, all
19293.9, 3.3, 660.6, 1.3, 493.1, 55839.4, 0.7, 15.1, 76307.3
25.3, 0.0, 0.9, 0.0, 0.6, 73.2, 0.0, 0.0

========Testing 05a=========

data: variables, objects, result_size, true result size, threshold
100000, 1024, 10000, 8040, 23.738953
times: input, copy, random_trial_kernel, random_trial_copy, random_trial_process, main_kernel, main_copy, main_process, all
22775.8, 3.9, 3286.8, 41.7, 14637.6, 424434.2, 0.7, 13.5, 465194.2
4.9, 0.0, 0.7, 0.0, 3.1, 91.2, 0.0, 0.0
