
========Testing 01=========

data: variables, objects, result_size, true result size, threshold
32, 100, 100, 0, 2.161919
times: input, copy, random_trial_kernel, random_trial_copy, random_trial_process, main_kernel, main_copy, main_process, all
5424.9, 0.1, 0.1, 0.0, 0.0, 1.3, 0.0, 0.0, 5426.4
100.0, 0.0, 0.0, 0.0, 0.0, 0.0, 0.0, 0.0

========Testing 02=========

data: variables, objects, result_size, true result size, threshold
1024, 100, 1000, 990, 11.092300
times: input, copy, random_trial_kernel, random_trial_copy, random_trial_process, main_kernel, main_copy, main_process, all
5444.1, 0.1, 0.2, 0.0, 1.5, 5.4, 0.0, 1.8, 5453.1
99.8, 0.0, 0.0, 0.0, 0.0, 0.1, 0.0, 0.0

========Testing 02a=========

data: variables, objects, result_size, true result size, threshold
1024, 150, 1000, 999, 11.829117
times: input, copy, random_trial_kernel, random_trial_copy, random_trial_process, main_kernel, main_copy, main_process, all
5454.9, 0.1, 0.3, 0.0, 1.5, 6.8, 0.0, 1.7, 5465.3
99.8, 0.0, 0.0, 0.0, 0.0, 0.1, 0.0, 0.0

========Testing 02b=========

data: variables, objects, result_size, true result size, threshold
1024, 200, 1000, 1052, 10.036713
times: input, copy, random_trial_kernel, random_trial_copy, random_trial_process, main_kernel, main_copy, main_process, all
5379.0, 0.1, 0.3, 0.0, 1.5, 8.5, 0.0, 1.9, 5391.3
99.8, 0.0, 0.0, 0.0, 0.0, 0.2, 0.0, 0.0

========Testing 03=========

data: variables, objects, result_size, true result size, threshold
4096, 100, 10000, 10525, 11.822632
times: input, copy, random_trial_kernel, random_trial_copy, random_trial_process, main_kernel, main_copy, main_process, all
5511.1, 0.1, 2.4, 0.1, 28.1, 82.1, 0.1, 17.0, 5640.9
97.7, 0.0, 0.0, 0.0, 0.5, 1.5, 0.0, 0.3
