
========Testing 01=========

data: variables, objects, result_size, true result size, threshold
32, 100, 100, 135, 3.282120
times: input, copy, random_trial_kernel, random_trial_copy, random_trial_process, main_kernel, main_copy, main_process, all
5341.9, 0.1, 0.1, 0.0, 0.0, 1.3, 0.0, 0.5, 5343.9
100.0, 0.0, 0.0, 0.0, 0.0, 0.0, 0.0, 0.0

========Testing 02=========

data: variables, objects, result_size, true result size, threshold
1024, 100, 1000, 1322, 10.952332
times: input, copy, random_trial_kernel, random_trial_copy, random_trial_process, main_kernel, main_copy, main_process, all
5361.1, 0.1, 0.2, 0.0, 1.5, 4.1, 0.0, 2.3, 5369.3
99.8, 0.0, 0.0, 0.0, 0.0, 0.1, 0.0, 0.0

========Testing 03=========

data: variables, objects, result_size, true result size, threshold
4096, 100, 10000, 10095, 11.917694
times: input, copy, random_trial_kernel, random_trial_copy, random_trial_process, main_kernel, main_copy, main_process, all
5409.9, 0.1, 2.0, 0.1, 28.2, 60.4, 0.1, 16.3, 5517.1
98.1, 0.0, 0.0, 0.0, 0.5, 1.1, 0.0, 0.3

========Testing 04=========

data: variables, objects, result_size, true result size, threshold
16384, 100, 10000, 9627, 15.634453
times: input, copy, random_trial_kernel, random_trial_copy, random_trial_process, main_kernel, main_copy, main_process, all
5704.8, 0.1, 22.7, 1.4, 552.4, 1018.9, 0.1, 16.2, 7316.6
78.0, 0.0, 0.3, 0.0, 7.6, 13.9, 0.0, 0.2

========Testing 04a=========

data: variables, objects, result_size, true result size, threshold
16384, 500, 10000, 10032, 17.900452
times: input, copy, random_trial_kernel, random_trial_copy, random_trial_process, main_kernel, main_copy, main_process, all
6711.0, 0.3, 61.6, 1.1, 543.2, 4657.7, 0.1, 17.0, 11991.9
56.0, 0.0, 0.5, 0.0, 4.5, 38.8, 0.0, 0.1

========Testing 05=========

data: variables, objects, result_size, true result size, threshold
100000, 100, 10000, 10014, 20.194321
times: input, copy, random_trial_kernel, random_trial_copy, random_trial_process, main_kernel, main_copy, main_process, all
7001.5, 0.3, 462.6, 41.4, 15761.1, 35527.6, 0.1, 17.3, 58811.8
11.9, 0.0, 0.8, 0.1, 26.8, 60.4, 0.0, 0.0

========Testing 04b=========

data: variables, objects, result_size, true result size, threshold
16384, 5000, 10000, 10538, 18.276855
times: input, copy, random_trial_kernel, random_trial_copy, random_trial_process, main_kernel, main_copy, main_process, all
19070.8, 2.7, 570.0, 1.0, 494.8, 49148.5, 0.1, 17.7, 69305.5
27.5, 0.0, 0.8, 0.0, 0.7, 70.9, 0.0, 0.0

========Testing 05a=========

data: variables, objects, result_size, true result size, threshold
100000, 1024, 10000, 9160, 23.831665
times: input, copy, random_trial_kernel, random_trial_copy, random_trial_process, main_kernel, main_copy, main_process, all
22474.4, 3.3, 2767.3, 41.3, 14716.4, 357280.4, 0.1, 16.0, 397299.2
5.7, 0.0, 0.7, 0.0, 3.7, 89.9, 0.0, 0.0

========Testing 03a=========

data: variables, objects, result_size, true result size, threshold
4096, 30000, 10000, 9354, 14.082031
times: input, copy, random_trial_kernel, random_trial_copy, random_trial_process, main_kernel, main_copy, main_process, all
25912.5, 3.9, 254.7, 0.1, 26.4, 19412.3, 0.1, 15.1, 45625.1
56.8, 0.0, 0.6, 0.0, 0.1, 42.5, 0.0, 0.0
